<?xml version="1.0" encoding="UTF-8"?>
<!-- Generated by org.testng.reporters.JUnitXMLReporter -->
<testsuite ignored="0" hostname="LAPTOP-21STD7K1" failures="0" tests="1" name="Test" time="0.15" errors="0" timestamp="2021-07-26T11:36:36 IST">
  <testcase classname="Activity.Activity01" name="@BeforeClass beforeMethod" time="0.08">
    <failure type="java.lang.IllegalStateException" message="The driver executable does not exist: C:\Users\AbhishekMondal\Desktop\IBM_FST\Selenium_Project\..\IBM_FST\chromedriver.exe">
      <![CDATA[java.lang.IllegalStateException: The driver executable does not exist: C:\Users\AbhishekMondal\Desktop\IBM_FST\Selenium_Project\..\IBM_FST\chromedriver.exe
at com.google.common.base.Preconditions.checkState(Preconditions.java:585)
at org.openqa.selenium.remote.service.DriverService.checkExecutable(DriverService.java:146)
at org.openqa.selenium.remote.service.DriverService.findExecutable(DriverService.java:141)
at org.openqa.selenium.chrome.ChromeDriverService.access$000(ChromeDriverService.java:35)
at org.openqa.selenium.chrome.ChromeDriverService$Builder.findDefaultExecutable(ChromeDriverService.java:159)
at org.openqa.selenium.remote.service.DriverService$Builder.build(DriverService.java:355)
at org.openqa.selenium.chrome.ChromeDriverService.createDefaultService(ChromeDriverService.java:94)
at org.openqa.selenium.chrome.ChromeDriver.<init>(ChromeDriver.java:123)
at Activity.Activity01.beforeMethod(Activity01.java:24)
at java.base/java.util.ArrayList.forEach(ArrayList.java:1511)
... Removed 25 stack frames]]>
    </failure>
  </testcase> <!-- @BeforeClass beforeMethod -->
  <testcase classname="Activity.Activity01" name="@AfterClass afterClass" time="-1.627279596879E9">
    <skipped/>
  </testcase> <!-- @AfterClass afterClass -->
  <testcase classname="Activity.Activity01" name="gettitle" time="0.0">
    <skipped/>
  </testcase> <!-- gettitle -->
</testsuite> <!-- Test -->
